# JRE version: Java(TM) SE Runtime Environment (17.0.11+7) (build 17.0.11+7-LTS-207)
# Java VM: Java HotSpot(TM) 64-Bit Server VM (17.0.11+7-LTS-207, mixed mode, sharing, tiered, compressed oops, compressed class ptrs, g1 gc, windows-amd64)
GC Precious Log:
 CPUs: 8 total, 8 available
 Memory: 16026M
 Large Page Support: Disabled
 NUMA Support: Disabled
 Compressed Oops: Enabled (Zero based)
 Heap Region Size: 2M
 Heap Min Capacity: 8M
 Heap Initial Capacity: 252M
 Heap Max Capacity: 4008M
 Pre-touch: Disabled
 Parallel Workers: 8
 Concurrent Workers: 2
 Concurrent Refinement Workers: 8
 Periodic GC: Disabled
Heap:
 garbage-first heap   total 921600K, used 475106K [0x0000000705800000, 0x0000000800000000)
  region size 2048K, 3 young (6144K), 3 survivors (6144K)
 Metaspace       used 132874K, committed 133952K, reserved 1179648K
  class space    used 17946K, committed 18496K, reserved 1048576K
GC Heap History (20 events):
Event: 132.167 GC heap after
{Heap after GC invocations=47 (full 0):
 garbage-first heap   total 921600K, used 241125K [0x0000000705800000, 0x0000000800000000)
  region size 2048K, 17 young (34816K), 17 survivors (34816K)
 Metaspace       used 111618K, committed 112576K, reserved 1179648K
  class space    used 15161K, committed 15616K, reserved 1048576K
}
Event: 132.172 GC heap before
{Heap before GC invocations=47 (full 0):
 garbage-first heap   total 921600K, used 249317K [0x0000000705800000, 0x0000000800000000)
  region size 2048K, 19 young (38912K), 17 survivors (34816K)
 Metaspace       used 111619K, committed 112576K, reserved 1179648K
  class space    used 15161K, committed 15616K, reserved 1048576K
}
Event: 132.182 GC heap after
{Heap after GC invocations=48 (full 0):
 garbage-first heap   total 921600K, used 247752K [0x0000000705800000, 0x0000000800000000)
  region size 2048K, 18 young (36864K), 18 survivors (36864K)
 Metaspace       used 111619K, committed 112576K, reserved 1179648K
  class space    used 15161K, committed 15616K, reserved 1048576K
}
Event: 133.366 GC heap before
{Heap before GC invocations=49 (full 0):
 garbage-first heap   total 921600K, used 657352K [0x0000000705800000, 0x0000000800000000)
  region size 2048K, 201 young (411648K), 18 survivors (36864K)
 Metaspace       used 114974K, committed 116032K, reserved 1179648K
  class space    used 15797K, committed 16320K, reserved 1048576K
}
Event: 133.462 GC heap after
{Heap after GC invocations=50 (full 0):
 garbage-first heap   total 921600K, used 380915K [0x0000000705800000, 0x0000000800000000)
  region size 2048K, 26 young (53248K), 26 survivors (53248K)
 Metaspace       used 114974K, committed 116032K, reserved 1179648K
  class space    used 15797K, committed 16320K, reserved 1048576K
}
Event: 133.466 GC heap before
{Heap before GC invocations=50 (full 0):
 garbage-first heap   total 921600K, used 382963K [0x0000000705800000, 0x0000000800000000)
  region size 2048K, 27 young (55296K), 26 survivors (53248K)
 Metaspace       used 114975K, committed 116032K, reserved 1179648K
  class space    used 15797K, committed 16320K, reserved 1048576K
}
Event: 133.519 GC heap after
{Heap after GC invocations=51 (full 0):
 garbage-first heap   total 921600K, used 379904K [0x0000000705800000, 0x0000000800000000)
  region size 2048K, 4 young (8192K), 4 survivors (8192K)
 Metaspace       used 114975K, committed 116032K, reserved 1179648K
  class space    used 15797K, committed 16320K, reserved 1048576K
}
Event: 135.104 GC heap before
{Heap before GC invocations=51 (full 0):
 garbage-first heap   total 921600K, used 642048K [0x0000000705800000, 0x0000000800000000)
  region size 2048K, 133 young (272384K), 4 survivors (8192K)
 Metaspace       used 123072K, committed 124096K, reserved 1179648K
  class space    used 16884K, committed 17408K, reserved 1048576K
}
Event: 135.153 GC heap after
{Heap after GC invocations=52 (full 0):
 garbage-first heap   total 921600K, used 441344K [0x0000000705800000, 0x0000000800000000)
  region size 2048K, 17 young (34816K), 17 survivors (34816K)
 Metaspace       used 123072K, committed 124096K, reserved 1179648K
  class space    used 16884K, committed 17408K, reserved 1048576K
}
Event: 138.535 GC heap before
{Heap before GC invocations=53 (full 0):
 garbage-first heap   total 921600K, used 648192K [0x0000000705800000, 0x0000000800000000)
  region size 2048K, 127 young (260096K), 17 survivors (34816K)
 Metaspace       used 123922K, committed 125056K, reserved 1179648K
  class space    used 16990K, committed 17536K, reserved 1048576K
}
Event: 138.571 GC heap after
{Heap after GC invocations=54 (full 0):
 garbage-first heap   total 921600K, used 436926K [0x0000000705800000, 0x0000000800000000)
  region size 2048K, 9 young (18432K), 9 survivors (18432K)
 Metaspace       used 123922K, committed 125056K, reserved 1179648K
  class space    used 16990K, committed 17536K, reserved 1048576K
}
Event: 138.678 GC heap before
{Heap before GC invocations=54 (full 0):
 garbage-first heap   total 921600K, used 463550K [0x0000000705800000, 0x0000000800000000)
  region size 2048K, 22 young (45056K), 9 survivors (18432K)
 Metaspace       used 123962K, committed 125056K, reserved 1179648K
  class space    used 16994K, committed 17536K, reserved 1048576K
}
Event: 138.701 GC heap after
{Heap after GC invocations=55 (full 0):
 garbage-first heap   total 921600K, used 416138K [0x0000000705800000, 0x0000000800000000)
  region size 2048K, 2 young (4096K), 2 survivors (4096K)
 Metaspace       used 123962K, committed 125056K, reserved 1179648K
  class space    used 16994K, committed 17536K, reserved 1048576K
}
Event: 139.039 GC heap before
{Heap before GC invocations=55 (full 0):
 garbage-first heap   total 921600K, used 450954K [0x0000000705800000, 0x0000000800000000)
  region size 2048K, 21 young (43008K), 2 survivors (4096K)
 Metaspace       used 124020K, committed 125120K, reserved 1179648K
  class space    used 16998K, committed 17536K, reserved 1048576K
}
Event: 139.048 GC heap after
{Heap after GC invocations=56 (full 0):
 garbage-first heap   total 921600K, used 427489K [0x0000000705800000, 0x0000000800000000)
  region size 2048K, 8 young (16384K), 8 survivors (16384K)
 Metaspace       used 124020K, committed 125120K, reserved 1179648K
  class space    used 16998K, committed 17536K, reserved 1048576K
}
Event: 140.358 GC heap before
{Heap before GC invocations=57 (full 0):
 garbage-first heap   total 921600K, used 724449K [0x0000000705800000, 0x0000000800000000)
  region size 2048K, 133 young (272384K), 8 survivors (16384K)
 Metaspace       used 132798K, committed 133888K, reserved 1179648K
  class space    used 17945K, committed 18496K, reserved 1048576K
}
Event: 140.375 GC heap after
{Heap after GC invocations=58 (full 0):
 garbage-first heap   total 921600K, used 483968K [0x0000000705800000, 0x0000000800000000)
  region size 2048K, 17 young (34816K), 17 survivors (34816K)
 Metaspace       used 132798K, committed 133888K, reserved 1179648K
  class space    used 17945K, committed 18496K, reserved 1048576K
}
Event: 140.404 GC heap before
{Heap before GC invocations=58 (full 0):
 garbage-first heap   total 921600K, used 492160K [0x0000000705800000, 0x0000000800000000)
  region size 2048K, 22 young (45056K), 17 survivors (34816K)
 Metaspace       used 132807K, committed 133888K, reserved 1179648K
  class space    used 17945K, committed 18496K, reserved 1048576K
}
Event: 140.419 GC heap after
{Heap after GC invocations=59 (full 0):
 garbage-first heap   total 921600K, used 472670K [0x0000000705800000, 0x0000000800000000)
  region size 2048K, 2 young (4096K), 2 survivors (4096K)
 Metaspace       used 132807K, committed 133888K, reserved 1179648K
  class space    used 17945K, committed 18496K, reserved 1048576K
}
Event: 140.611 GC heap before
{Heap before GC invocations=59 (full 0):
 garbage-first heap   total 921600K, used 558686K [0x0000000705800000, 0x0000000800000000)
  region size 2048K, 45 young (92160K), 2 survivors (4096K)
 Metaspace       used 132874K, committed 133952K, reserved 1179648K
  class space    used 17946K, committed 18496K, reserved 1048576K
}

