# JRE version: Java(TM) SE Runtime Environment (17.0.11+7) (build 17.0.11+7-LTS-207)
# Java VM: Java HotSpot(TM) 64-Bit Server VM (17.0.11+7-LTS-207, mixed mode, sharing, tiered, compressed oops, compressed class ptrs, g1 gc, windows-amd64)
GC Precious Log:
 CPUs: 8 total, 8 available
 Memory: 16026M
 Large Page Support: Disabled
 NUMA Support: Disabled
 Compressed Oops: Enabled (Zero based)
 Heap Region Size: 2M
 Heap Min Capacity: 8M
 Heap Initial Capacity: 252M
 Heap Max Capacity: 4008M
 Pre-touch: Disabled
 Parallel Workers: 8
 Concurrent Workers: 2
 Concurrent Refinement Workers: 8
 Periodic GC: Disabled
Heap:
 garbage-first heap   total 808960K, used 427766K [0x0000000705800000, 0x0000000800000000)
  region size 2048K, 2 young (4096K), 2 survivors (4096K)
 Metaspace       used 151248K, committed 152512K, reserved 1245184K
  class space    used 19908K, committed 20544K, reserved 1048576K
GC Heap History (20 events):
Event: 3583.641 GC heap after
{Heap after GC invocations=56 (full 0):
 garbage-first heap   total 327680K, used 164551K [0x0000000705800000, 0x0000000800000000)
  region size 2048K, 1 young (2048K), 1 survivors (2048K)
 Metaspace       used 135584K, committed 136768K, reserved 1179648K
  class space    used 17840K, committed 18432K, reserved 1048576K
}
Event: 3584.116 GC heap before
{Heap before GC invocations=56 (full 0):
 garbage-first heap   total 327680K, used 203463K [0x0000000705800000, 0x0000000800000000)
  region size 2048K, 21 young (43008K), 1 survivors (2048K)
 Metaspace       used 135592K, committed 136768K, reserved 1179648K
  class space    used 17840K, committed 18432K, reserved 1048576K
}
Event: 3584.125 GC heap after
{Heap after GC invocations=57 (full 0):
 garbage-first heap   total 655360K, used 176848K [0x0000000705800000, 0x0000000800000000)
  region size 2048K, 6 young (12288K), 6 survivors (12288K)
 Metaspace       used 135592K, committed 136768K, reserved 1179648K
  class space    used 17840K, committed 18432K, reserved 1048576K
}
Event: 3584.127 GC heap before
{Heap before GC invocations=57 (full 0):
 garbage-first heap   total 655360K, used 180944K [0x0000000705800000, 0x0000000800000000)
  region size 2048K, 7 young (14336K), 6 survivors (12288K)
 Metaspace       used 135592K, committed 136768K, reserved 1179648K
  class space    used 17840K, committed 18432K, reserved 1048576K
}
Event: 3584.134 GC heap after
{Heap after GC invocations=58 (full 0):
 garbage-first heap   total 655360K, used 179822K [0x0000000705800000, 0x0000000800000000)
  region size 2048K, 7 young (14336K), 7 survivors (14336K)
 Metaspace       used 135592K, committed 136768K, reserved 1179648K
  class space    used 17840K, committed 18432K, reserved 1048576K
}
Event: 3585.895 GC heap before
{Heap before GC invocations=59 (full 0):
 garbage-first heap   total 655360K, used 487022K [0x0000000705800000, 0x0000000800000000)
  region size 2048K, 139 young (284672K), 7 survivors (14336K)
 Metaspace       used 139727K, committed 140928K, reserved 1179648K
  class space    used 18205K, committed 18816K, reserved 1048576K
}
Event: 3585.933 GC heap after
{Heap after GC invocations=60 (full 0):
 garbage-first heap   total 655360K, used 218279K [0x0000000705800000, 0x0000000800000000)
  region size 2048K, 18 young (36864K), 18 survivors (36864K)
 Metaspace       used 139727K, committed 140928K, reserved 1179648K
  class space    used 18205K, committed 18816K, reserved 1048576K
}
Event: 3585.942 GC heap before
{Heap before GC invocations=60 (full 0):
 garbage-first heap   total 655360K, used 220327K [0x0000000705800000, 0x0000000800000000)
  region size 2048K, 19 young (38912K), 18 survivors (36864K)
 Metaspace       used 139731K, committed 140928K, reserved 1179648K
  class space    used 18205K, committed 18816K, reserved 1048576K
}
Event: 3585.958 GC heap after
{Heap after GC invocations=61 (full 0):
 garbage-first heap   total 655360K, used 219395K [0x0000000705800000, 0x0000000800000000)
  region size 2048K, 3 young (6144K), 3 survivors (6144K)
 Metaspace       used 139731K, committed 140928K, reserved 1179648K
  class space    used 18205K, committed 18816K, reserved 1048576K
}
Event: 3587.212 GC heap before
{Heap before GC invocations=61 (full 0):
 garbage-first heap   total 655360K, used 397571K [0x0000000705800000, 0x0000000800000000)
  region size 2048K, 91 young (186368K), 3 survivors (6144K)
 Metaspace       used 141934K, committed 143296K, reserved 1179648K
  class space    used 18423K, committed 19072K, reserved 1048576K
}
Event: 3587.218 GC heap after
{Heap after GC invocations=62 (full 0):
 garbage-first heap   total 655360K, used 219076K [0x0000000705800000, 0x0000000800000000)
  region size 2048K, 3 young (6144K), 3 survivors (6144K)
 Metaspace       used 141934K, committed 143296K, reserved 1179648K
  class space    used 18423K, committed 19072K, reserved 1048576K
}
Event: 3588.811 GC heap before
{Heap before GC invocations=63 (full 0):
 garbage-first heap   total 655360K, used 564362K [0x0000000705800000, 0x0000000800000000)
  region size 2048K, 131 young (268288K), 3 survivors (6144K)
 Metaspace       used 147975K, committed 149248K, reserved 1179648K
  class space    used 19468K, committed 20096K, reserved 1048576K
}
Event: 3588.888 GC heap after
{Heap after GC invocations=64 (full 0):
 garbage-first heap   total 663552K, used 357840K [0x0000000705800000, 0x0000000800000000)
  region size 2048K, 17 young (34816K), 17 survivors (34816K)
 Metaspace       used 147975K, committed 149248K, reserved 1179648K
  class space    used 19468K, committed 20096K, reserved 1048576K
}
Event: 3588.911 GC heap before
{Heap before GC invocations=64 (full 0):
 garbage-first heap   total 663552K, used 359888K [0x0000000705800000, 0x0000000800000000)
  region size 2048K, 18 young (36864K), 17 survivors (34816K)
 Metaspace       used 147977K, committed 149248K, reserved 1179648K
  class space    used 19468K, committed 20096K, reserved 1048576K
}
Event: 3588.938 GC heap after
{Heap after GC invocations=65 (full 0):
 garbage-first heap   total 663552K, used 329257K [0x0000000705800000, 0x0000000800000000)
  region size 2048K, 2 young (4096K), 2 survivors (4096K)
 Metaspace       used 147977K, committed 149248K, reserved 1179648K
  class space    used 19468K, committed 20096K, reserved 1048576K
}
Event: 3589.265 GC heap before
{Heap before GC invocations=65 (full 0):
 garbage-first heap   total 663552K, used 495145K [0x0000000705800000, 0x0000000800000000)
  region size 2048K, 83 young (169984K), 2 survivors (4096K)
 Metaspace       used 148034K, committed 149248K, reserved 1179648K
  class space    used 19469K, committed 20096K, reserved 1048576K
}
Event: 3589.313 GC heap after
{Heap after GC invocations=66 (full 0):
 garbage-first heap   total 663552K, used 411648K [0x0000000705800000, 0x0000000800000000)
  region size 2048K, 11 young (22528K), 11 survivors (22528K)
 Metaspace       used 148034K, committed 149248K, reserved 1179648K
  class space    used 19469K, committed 20096K, reserved 1048576K
}
Event: 3591.180 GC heap before
{Heap before GC invocations=67 (full 0):
 garbage-first heap   total 808960K, used 501760K [0x0000000705800000, 0x0000000800000000)
  region size 2048K, 58 young (118784K), 11 survivors (22528K)
 Metaspace       used 149588K, committed 150784K, reserved 1245184K
  class space    used 19689K, committed 20288K, reserved 1048576K
}
Event: 3591.207 GC heap after
{Heap after GC invocations=68 (full 0):
 garbage-first heap   total 808960K, used 432128K [0x0000000705800000, 0x0000000800000000)
  region size 2048K, 8 young (16384K), 8 survivors (16384K)
 Metaspace       used 149588K, committed 150784K, reserved 1245184K
  class space    used 19689K, committed 20288K, reserved 1048576K
}
Event: 3591.411 GC heap before
{Heap before GC invocations=68 (full 0):
 garbage-first heap   total 808960K, used 452608K [0x0000000705800000, 0x0000000800000000)
  region size 2048K, 19 young (38912K), 8 survivors (16384K)
 Metaspace       used 151248K, committed 152512K, reserved 1245184K
  class space    used 19908K, committed 20544K, reserved 1048576K
}

